Using pre-set license
Built from '2022.3/china_unity/release' branch; Version is '2022.3.42f1c1 (d3f79ae33604) revision 13891482'; Using compiler version '192829333'; Build Type 'Release'
OS: 'Windows 11  (10.0.22621) 64bit CoreCountrySpecific' Language: 'zh' Physical Memory: 32628 MB
BatchMode: 1, IsHumanControllingUs: 0, StartBugReporterOnCrash: 0, Is64bit: 1, IsPro: 1

COMMAND LINE ARGUMENTS:
E:\UnityEditorOther\2022.3.42f1c1\Editor\Unity.exe
-adb2
-batchMode
-noUpm
-name
AssetImportWorker0
-projectPath
E:/UnityTestProject/ShaderTest
-logFile
Logs/AssetImportWorker0.log
-srvPort
59896
Successfully changed project path to: E:/UnityTestProject/ShaderTest
E:/UnityTestProject/ShaderTest
[UnityMemory] Configuration Parameters - Can be set up in boot.config
    "memorysetup-bucket-allocator-granularity=16"
    "memorysetup-bucket-allocator-bucket-count=8"
    "memorysetup-bucket-allocator-block-size=33554432"
    "memorysetup-bucket-allocator-block-count=8"
    "memorysetup-main-allocator-block-size=16777216"
    "memorysetup-thread-allocator-block-size=16777216"
    "memorysetup-gfx-main-allocator-block-size=16777216"
    "memorysetup-gfx-thread-allocator-block-size=16777216"
    "memorysetup-cache-allocator-block-size=4194304"
    "memorysetup-typetree-allocator-block-size=2097152"
    "memorysetup-profiler-bucket-allocator-granularity=16"
    "memorysetup-profiler-bucket-allocator-bucket-count=8"
    "memorysetup-profiler-bucket-allocator-block-size=33554432"
    "memorysetup-profiler-bucket-allocator-block-count=8"
    "memorysetup-profiler-allocator-block-size=16777216"
    "memorysetup-profiler-editor-allocator-block-size=1048576"
    "memorysetup-temp-allocator-size-main=16777216"
    "memorysetup-job-temp-allocator-block-size=2097152"
    "memorysetup-job-temp-allocator-block-size-background=1048576"
    "memorysetup-job-temp-allocator-reduction-small-platforms=262144"
    "memorysetup-allocator-temp-initial-block-size-main=262144"
    "memorysetup-allocator-temp-initial-block-size-worker=262144"
    "memorysetup-temp-allocator-size-background-worker=32768"
    "memorysetup-temp-allocator-size-job-worker=262144"
    "memorysetup-temp-allocator-size-preload-manager=33554432"
    "memorysetup-temp-allocator-size-nav-mesh-worker=65536"
    "memorysetup-temp-allocator-size-audio-worker=65536"
    "memorysetup-temp-allocator-size-cloud-worker=32768"
    "memorysetup-temp-allocator-size-gi-baking-worker=262144"
    "memorysetup-temp-allocator-size-gfx=262144"
Player connection [21352]  Target information:

Player connection [21352]  * "[IP] 192.168.10.32 [Port] 0 [Flags] 2 [Guid] 1077135633 [EditorId] 1077135633 [Version] 1048832 [Id] WindowsEditor(7,DESKTOP-Q5QFH5M) [Debug] 1 [PackageName] WindowsEditor [ProjectName] Editor" 

Player connection [21352] Host joined multi-casting on [225.0.0.222:54997]...
Player connection [21352] Host joined alternative multi-casting on [225.0.0.222:34997]...
[PhysX] Initialized MultithreadedTaskDispatcher with 8 workers.
Refreshing native plugins compatible for Editor in 12.23 ms, found 3 plugins.
Preloading 0 native plugins for Editor in 0.00 ms.
Initialize engine version: 2022.3.42f1c1 (d3f79ae33604)
[Subsystems] Discovering subsystems at path E:/UnityEditorOther/2022.3.42f1c1/Editor/Data/Resources/UnitySubsystems
[Subsystems] Discovering subsystems at path E:/UnityTestProject/ShaderTest/Assets
GfxDevice: creating device client; threaded=0; jobified=0
Direct3D:
    Version:  Direct3D 11.0 [level 11.1]
    Renderer: NVIDIA GeForce GTX 1060 6GB (ID=0x1c03)
    Vendor:   NVIDIA
    VRAM:     6031 MB
    Driver:   32.0.15.6094
Initialize mono
Mono path[0] = 'E:/UnityEditorOther/2022.3.42f1c1/Editor/Data/Managed'
Mono path[1] = 'E:/UnityEditorOther/2022.3.42f1c1/Editor/Data/MonoBleedingEdge/lib/mono/unityjit-win32'
Mono config path = 'E:/UnityEditorOther/2022.3.42f1c1/Editor/Data/MonoBleedingEdge/etc'
Using monoOptions --debugger-agent=transport=dt_socket,embedding=1,server=y,suspend=n,address=127.0.0.1:56608
Begin MonoManager ReloadAssembly
Registering precompiled unity dll's ...
Register platform support module: E:/UnityEditorOther/2022.3.42f1c1/Editor/Data/PlaybackEngines/AndroidPlayer/UnityEditor.Android.Extensions.dll
Register platform support module: E:/UnityEditorOther/2022.3.42f1c1/Editor/Data/PlaybackEngines/WindowsStandaloneSupport/UnityEditor.WindowsStandalone.Extensions.dll
Registered in 0.007469 seconds.
- Loaded All Assemblies, in  0.440 seconds
Native extension for WindowsStandalone target not found
Native extension for Android target not found
Android Extension - Scanning For ADB Devices 910 ms
Mono: successfully reloaded assembly
- Finished resetting the current domain, in  1.264 seconds
Domain Reload Profiling: 1701ms
	BeginReloadAssembly (126ms)
		ExecutionOrderSort (0ms)
		DisableScriptedObjects (0ms)
		BackupInstance (0ms)
		ReleaseScriptingObjects (0ms)
		CreateAndSetChildDomain (1ms)
	RebuildCommonClasses (40ms)
	RebuildNativeTypeToScriptingClass (18ms)
	initialDomainReloadingComplete (71ms)
	LoadAllAssembliesAndSetupDomain (181ms)
		LoadAssemblies (122ms)
		RebuildTransferFunctionScriptingTraits (0ms)
		AnalyzeDomain (179ms)
			TypeCache.Refresh (178ms)
				TypeCache.ScanAssembly (160ms)
			ScanForSourceGeneratedMonoScriptInfo (0ms)
			ResolveRequiredComponents (1ms)
	FinalizeReload (1265ms)
		ReleaseScriptCaches (0ms)
		RebuildScriptCaches (0ms)
		SetupLoadedEditorAssemblies (1210ms)
			LogAssemblyErrors (0ms)
			InitializePlatformSupportModulesInManaged (1032ms)
			SetLoadedEditorAssemblies (4ms)
			RefreshPlugins (0ms)
			BeforeProcessingInitializeOnLoad (2ms)
			ProcessInitializeOnLoadAttributes (111ms)
			ProcessInitializeOnLoadMethodAttributes (62ms)
			AfterProcessingInitializeOnLoad (0ms)
			EditorAssembliesLoaded (0ms)
		ExecutionOrderSort2 (0ms)
		AwakeInstancesAfterBackupRestoration (0ms)
========================================================================
Worker process is ready to serve import requests
Caller must complete domain reload
Begin MonoManager ReloadAssembly
- Loaded All Assemblies, in  0.694 seconds
Native extension for WindowsStandalone target not found
Native extension for Android target not found
Package Manager log level set to [2]
[Package Manager] Server::EnsureServerProcessIsRunning -- launch failed, reason: Unity was launched with the -noUpm command-line argument
[Package Manager] UpmClient::Send -- Unable to send message (not connected to UPM process).
[Package Manager] Cannot connect to Unity Package Manager local server
Mono: successfully reloaded assembly
- Finished resetting the current domain, in  0.616 seconds
Domain Reload Profiling: 1307ms
	BeginReloadAssembly (136ms)
		ExecutionOrderSort (0ms)
		DisableScriptedObjects (5ms)
		BackupInstance (0ms)
		ReleaseScriptingObjects (0ms)
		CreateAndSetChildDomain (20ms)
	RebuildCommonClasses (34ms)
	RebuildNativeTypeToScriptingClass (10ms)
	initialDomainReloadingComplete (43ms)
	LoadAllAssembliesAndSetupDomain (467ms)
		LoadAssemblies (296ms)
		RebuildTransferFunctionScriptingTraits (0ms)
		AnalyzeDomain (249ms)
			TypeCache.Refresh (219ms)
				TypeCache.ScanAssembly (197ms)
			ScanForSourceGeneratedMonoScriptInfo (22ms)
			ResolveRequiredComponents (7ms)
	FinalizeReload (617ms)
		ReleaseScriptCaches (0ms)
		RebuildScriptCaches (0ms)
		SetupLoadedEditorAssemblies (455ms)
			LogAssemblyErrors (0ms)
			InitializePlatformSupportModulesInManaged (27ms)
			SetLoadedEditorAssemblies (5ms)
			RefreshPlugins (0ms)
			BeforeProcessingInitializeOnLoad (60ms)
			ProcessInitializeOnLoadAttributes (338ms)
			ProcessInitializeOnLoadMethodAttributes (19ms)
			AfterProcessingInitializeOnLoad (5ms)
			EditorAssembliesLoaded (0ms)
		ExecutionOrderSort2 (0ms)
		AwakeInstancesAfterBackupRestoration (8ms)
Launched and connected shader compiler UnityShaderCompiler.exe after 0.07 seconds
Refreshing native plugins compatible for Editor in 3.55 ms, found 3 plugins.
Preloading 0 native plugins for Editor in 0.00 ms.
Unloading 3107 Unused Serialized files (Serialized files now loaded: 0)
Unloading 19 unused Assets / (54.5 KB). Loaded Objects now: 3580.
Memory consumption went from 130.3 MB to 130.2 MB.
Total: 2.796500 ms (FindLiveObjects: 0.235000 ms CreateObjectMapping: 0.147700 ms MarkObjects: 2.341300 ms  DeleteObjects: 0.071900 ms)

AssetImportParameters requested are different than current active one (requested -> active):
  custom:container-demuxer-ogg: 62fdf1f143b41e24485cea50d1cbac27 -> 
  custom:video-codec-MediaFoundation-h265: 746d11721c4dcdbdad8f713fa42b33f4 -> 
  custom:video-decoder-ogg-theora: a1e56fd34408186e4bbccfd4996cb3dc -> 
  custom:framework-win-MediaFoundation: 216162199b28c13a410421893ffa2e32 -> 
  custom:CustomObjectIndexerAttribute: 9a22284fe3817be447336de3de66b15e -> 
  custom:container-demuxer-webm: 4f35f7cbe854078d1ac9338744f61a02 -> 
  custom:container-muxer-webm: aa71ff27fc2769a1b78a27578f13a17b -> 
  custom:video-decoder-webm-vp8: 9c59270c3fd7afecdb556c50c9e8de78 -> 
  custom:SearchIndexIgnoredProperties: e643bd26f0fe6173181afceb89e7c659 -> 
  custom:AudioImporter_EditorPlatform: d09bf68614088b80899f8185d706f6e7 -> 
  custom:video-encoder-webm-vp8: eb34c28f22e8b96e1ab97ce403110664 -> 
  custom:audio-decoder-ogg-vorbis: bf7c407c2cedff20999df2af8eb42d56 -> 
  custom:audio-encoder-webm-vorbis: bf7c407c2cedff20999df2af8eb42d56 -> 
========================================================================
Received Import Request.
  Time since last request: 18197.854399 seconds.
  path: Assets/Shader/Texture/GradientTextureShader.shader
  artifactKey: Guid(8bceb38cb0780b548b8c5800dd3118eb) Importer(815301076,1909f56bfc062723c751e8b465ee728b)
Start importing Assets/Shader/Texture/GradientTextureShader.shader using Guid(8bceb38cb0780b548b8c5800dd3118eb) Importer(815301076,1909f56bfc062723c751e8b465ee728b) [PhysX] Initialized MultithreadedTaskDispatcher with 8 workers.
 -> (artifact id: 'e7b55d4b2a24693f4631e6b9e8b06be7') in 0.010120 seconds
Number of updated asset objects reloaded before import = 0
Number of asset objects unloaded after import = 0
========================================================================
Received Import Request.
  Time since last request: 431.634593 seconds.
  path: Assets/Texture/Other
  artifactKey: Guid(e2dc84aead6fb2942b96bdbc10a0df66) Importer(815301076,1909f56bfc062723c751e8b465ee728b)
Start importing Assets/Texture/Other using Guid(e2dc84aead6fb2942b96bdbc10a0df66) Importer(815301076,1909f56bfc062723c751e8b465ee728b) [PhysX] Initialized MultithreadedTaskDispatcher with 8 workers.
 -> (artifact id: '324323935aec3fc7c994f036728944d9') in 0.001034 seconds
Number of updated asset objects reloaded before import = 0
Number of asset objects unloaded after import = 0
========================================================================
Received Import Request.
  Time since last request: 5.240812 seconds.
  path: Assets/Texture/Other/transparent_texture.psd
  artifactKey: Guid(636181c4ec246054a959ee79ec1eff86) Importer(815301076,1909f56bfc062723c751e8b465ee728b)
Start importing Assets/Texture/Other/transparent_texture.psd using Guid(636181c4ec246054a959ee79ec1eff86) Importer(815301076,1909f56bfc062723c751e8b465ee728b) [PhysX] Initialized MultithreadedTaskDispatcher with 8 workers.
[PhysX] Initialized MultithreadedTaskDispatcher with 8 workers.
 -> (artifact id: 'bb70432143bc74a59dcb6d1dce4414b3') in 0.048770 seconds
Number of updated asset objects reloaded before import = 0
Number of asset objects unloaded after import = 2
========================================================================
Received Import Request.
  Time since last request: 4815.725731 seconds.
  path: Assets/Material/Transparent
  artifactKey: Guid(1c545e56ac14ac74fa6c3219022520e4) Importer(815301076,1909f56bfc062723c751e8b465ee728b)
Start importing Assets/Material/Transparent using Guid(1c545e56ac14ac74fa6c3219022520e4) Importer(815301076,1909f56bfc062723c751e8b465ee728b) [PhysX] Initialized MultithreadedTaskDispatcher with 8 workers.
 -> (artifact id: 'e7d80bad74d2e8e07c0014a01fa476c3') in 0.001330 seconds
Number of updated asset objects reloaded before import = 0
Number of asset objects unloaded after import = 0
========================================================================
Received Import Request.
  Time since last request: 4.676374 seconds.
  path: Assets/Shader/Transparent
  artifactKey: Guid(3440d88453abdac4dbde402371565614) Importer(815301076,1909f56bfc062723c751e8b465ee728b)
Start importing Assets/Shader/Transparent using Guid(3440d88453abdac4dbde402371565614) Importer(815301076,1909f56bfc062723c751e8b465ee728b) [PhysX] Initialized MultithreadedTaskDispatcher with 8 workers.
 -> (artifact id: 'a347e250e1a90b903bb2f970e953bbd4') in 0.000938 seconds
Number of updated asset objects reloaded before import = 0
Number of asset objects unloaded after import = 0
========================================================================
Received Import Request.
  Time since last request: 22.931891 seconds.
  path: Assets/Shader/Transparent/AlphaTestShader.shader
  artifactKey: Guid(f5567d8644c21104fb1149c88e6e28b1) Importer(815301076,1909f56bfc062723c751e8b465ee728b)
Start importing Assets/Shader/Transparent/AlphaTestShader.shader using Guid(f5567d8644c21104fb1149c88e6e28b1) Importer(815301076,1909f56bfc062723c751e8b465ee728b) [PhysX] Initialized MultithreadedTaskDispatcher with 8 workers.
 -> (artifact id: 'ca819a9125aa3e6331c2afd6cd13de98') in 0.003368 seconds
Number of updated asset objects reloaded before import = 0
Number of asset objects unloaded after import = 1
========================================================================
Received Import Request.
  Time since last request: 8.872858 seconds.
  path: Assets/Material/Transparent/AlphaTestMaterial.mat
  artifactKey: Guid(c9ba879f503c10143a168365d8c680c4) Importer(815301076,1909f56bfc062723c751e8b465ee728b)
Start importing Assets/Material/Transparent/AlphaTestMaterial.mat using Guid(c9ba879f503c10143a168365d8c680c4) Importer(815301076,1909f56bfc062723c751e8b465ee728b) [PhysX] Initialized MultithreadedTaskDispatcher with 8 workers.
[PhysX] Initialized MultithreadedTaskDispatcher with 8 workers.
 -> (artifact id: '923edcb21836c5aa33db1f95a5b8ab1c') in 0.048730 seconds
Number of updated asset objects reloaded before import = 0
Number of asset objects unloaded after import = 1
========================================================================
Received Import Request.
  Time since last request: 244.598315 seconds.
  path: Assets/Shader/Transparent/AlphaTestShader.shader
  artifactKey: Guid(f5567d8644c21104fb1149c88e6e28b1) Importer(815301076,1909f56bfc062723c751e8b465ee728b)
Start importing Assets/Shader/Transparent/AlphaTestShader.shader using Guid(f5567d8644c21104fb1149c88e6e28b1) Importer(815301076,1909f56bfc062723c751e8b465ee728b) [PhysX] Initialized MultithreadedTaskDispatcher with 8 workers.
 -> (artifact id: 'e620887da8b5ca9251db6d51da125205') in 0.002332 seconds
Number of updated asset objects reloaded before import = 11
Number of asset objects unloaded after import = 1
========================================================================
Received Import Request.
  Time since last request: 8.574713 seconds.
  path: Assets/Material/Light/BlinnPhongMaterial.mat
  artifactKey: Guid(23030e14762b57646850e62faebf1419) Importer(815301076,1909f56bfc062723c751e8b465ee728b)
Start importing Assets/Material/Light/BlinnPhongMaterial.mat using Guid(23030e14762b57646850e62faebf1419) Importer(815301076,1909f56bfc062723c751e8b465ee728b) [PhysX] Initialized MultithreadedTaskDispatcher with 8 workers.
[PhysX] Initialized MultithreadedTaskDispatcher with 8 workers.
 -> (artifact id: '2774cb0f8fafe7ee85036932521aee9f') in 0.009272 seconds
Number of updated asset objects reloaded before import = 0
Number of asset objects unloaded after import = 1
========================================================================
Received Import Request.
  Time since last request: 0.000019 seconds.
  path: Assets/Material/Light/SpecularPixelMaterial.mat
  artifactKey: Guid(b9dc8ec956dd17149ac10b27b22e57f5) Importer(815301076,1909f56bfc062723c751e8b465ee728b)
Start importing Assets/Material/Light/SpecularPixelMaterial.mat using Guid(b9dc8ec956dd17149ac10b27b22e57f5) Importer(815301076,1909f56bfc062723c751e8b465ee728b) [PhysX] Initialized MultithreadedTaskDispatcher with 8 workers.
[PhysX] Initialized MultithreadedTaskDispatcher with 8 workers.
 -> (artifact id: '4d794fc6c72c47d13b0c0da847c2e428') in 0.009401 seconds
Number of updated asset objects reloaded before import = 0
Number of asset objects unloaded after import = 1
========================================================================
Received Import Request.
  Time since last request: 0.000017 seconds.
  path: Assets/Material/Light/SpecularVertexMaterial.mat
  artifactKey: Guid(456a7a1db033ffd4bbac04b8ad5b097e) Importer(815301076,1909f56bfc062723c751e8b465ee728b)
Start importing Assets/Material/Light/SpecularVertexMaterial.mat using Guid(456a7a1db033ffd4bbac04b8ad5b097e) Importer(815301076,1909f56bfc062723c751e8b465ee728b) [PhysX] Initialized MultithreadedTaskDispatcher with 8 workers.
[PhysX] Initialized MultithreadedTaskDispatcher with 8 workers.
 -> (artifact id: 'c62f913810b0057f9948e49a6a15b8b5') in 0.008056 seconds
Number of updated asset objects reloaded before import = 0
Number of asset objects unloaded after import = 1
========================================================================
Received Import Request.
  Time since last request: 0.617438 seconds.
  path: Assets/Material/Texture/GradientTextureMaterial.mat
  artifactKey: Guid(1ee1effcc26da9e44b54a10b60d4d602) Importer(815301076,1909f56bfc062723c751e8b465ee728b)
Start importing Assets/Material/Texture/GradientTextureMaterial.mat using Guid(1ee1effcc26da9e44b54a10b60d4d602) Importer(815301076,1909f56bfc062723c751e8b465ee728b) [PhysX] Initialized MultithreadedTaskDispatcher with 8 workers.
[PhysX] Initialized MultithreadedTaskDispatcher with 8 workers.
 -> (artifact id: '6daa37d78536e15b4797cc8a772b7e07') in 0.008244 seconds
Number of updated asset objects reloaded before import = 0
Number of asset objects unloaded after import = 2
========================================================================
Received Import Request.
  Time since last request: 0.000014 seconds.
  path: Assets/Material/Texture/WorldSpaceNormalMaterial.mat
  artifactKey: Guid(170ea4a849098c645863c6657802087d) Importer(815301076,1909f56bfc062723c751e8b465ee728b)
Start importing Assets/Material/Texture/WorldSpaceNormalMaterial.mat using Guid(170ea4a849098c645863c6657802087d) Importer(815301076,1909f56bfc062723c751e8b465ee728b) [PhysX] Initialized MultithreadedTaskDispatcher with 8 workers.
[PhysX] Initialized MultithreadedTaskDispatcher with 8 workers.
 -> (artifact id: '07ffe6832d6634e29723857291f14774') in 0.010314 seconds
Number of updated asset objects reloaded before import = 0
Number of asset objects unloaded after import = 3
========================================================================
Received Import Request.
  Time since last request: 0.000023 seconds.
  path: Assets/Material/Texture/TangentialSpaceMaterial.mat
  artifactKey: Guid(874fff0594b3a1b4ea723868bfdf58c2) Importer(815301076,1909f56bfc062723c751e8b465ee728b)
Start importing Assets/Material/Texture/TangentialSpaceMaterial.mat using Guid(874fff0594b3a1b4ea723868bfdf58c2) Importer(815301076,1909f56bfc062723c751e8b465ee728b) [PhysX] Initialized MultithreadedTaskDispatcher with 8 workers.
[PhysX] Initialized MultithreadedTaskDispatcher with 8 workers.
 -> (artifact id: '5d0eecfc874e36dc9c9690dd2ccc69d4') in 0.010514 seconds
Number of updated asset objects reloaded before import = 0
Number of asset objects unloaded after import = 3
========================================================================
Received Import Request.
  Time since last request: 24.130036 seconds.
  path: Assets/Shader/Transparent/AlphaTestShader.shader
  artifactKey: Guid(f5567d8644c21104fb1149c88e6e28b1) Importer(815301076,1909f56bfc062723c751e8b465ee728b)
Start importing Assets/Shader/Transparent/AlphaTestShader.shader using Guid(f5567d8644c21104fb1149c88e6e28b1) Importer(815301076,1909f56bfc062723c751e8b465ee728b) [PhysX] Initialized MultithreadedTaskDispatcher with 8 workers.
 -> (artifact id: 'f0d7236c3ea3426f224505140fb76474') in 0.001635 seconds
Number of updated asset objects reloaded before import = 0
Number of asset objects unloaded after import = 1
========================================================================
Received Import Request.
  Time since last request: 2117.023755 seconds.
  path: Assets/Shader/Transparent/AlphaTestShader.shader
  artifactKey: Guid(f5567d8644c21104fb1149c88e6e28b1) Importer(815301076,1909f56bfc062723c751e8b465ee728b)
Start importing Assets/Shader/Transparent/AlphaTestShader.shader using Guid(f5567d8644c21104fb1149c88e6e28b1) Importer(815301076,1909f56bfc062723c751e8b465ee728b) [PhysX] Initialized MultithreadedTaskDispatcher with 8 workers.
 -> (artifact id: 'd9ab1449bed11d5484607b3146802a82') in 0.004346 seconds
Number of updated asset objects reloaded before import = 5
Number of asset objects unloaded after import = 1
========================================================================
Received Import Request.
  Time since last request: 88.237692 seconds.
  path: Assets/Shader/Transparent/AlphaTestShader.shader
  artifactKey: Guid(f5567d8644c21104fb1149c88e6e28b1) Importer(815301076,1909f56bfc062723c751e8b465ee728b)
Start importing Assets/Shader/Transparent/AlphaTestShader.shader using Guid(f5567d8644c21104fb1149c88e6e28b1) Importer(815301076,1909f56bfc062723c751e8b465ee728b) [PhysX] Initialized MultithreadedTaskDispatcher with 8 workers.
 -> (artifact id: '93499c4f1a16c2881f32aa4a8237e9ac') in 0.001889 seconds
Number of updated asset objects reloaded before import = 0
Number of asset objects unloaded after import = 1
========================================================================
Received Import Request.
  Time since last request: 10.385148 seconds.
  path: Assets/Shader/Transparent/AlphaTestShader.shader
  artifactKey: Guid(f5567d8644c21104fb1149c88e6e28b1) Importer(815301076,1909f56bfc062723c751e8b465ee728b)
Start importing Assets/Shader/Transparent/AlphaTestShader.shader using Guid(f5567d8644c21104fb1149c88e6e28b1) Importer(815301076,1909f56bfc062723c751e8b465ee728b) [PhysX] Initialized MultithreadedTaskDispatcher with 8 workers.
 -> (artifact id: 'df5ddb2d4061ecd87ba0312f61467c52') in 0.002784 seconds
Number of updated asset objects reloaded before import = 0
Number of asset objects unloaded after import = 1
========================================================================
Received Import Request.
  Time since last request: 16.581719 seconds.
  path: Assets/Shader/Transparent/AlphaTestShader.shader
  artifactKey: Guid(f5567d8644c21104fb1149c88e6e28b1) Importer(815301076,1909f56bfc062723c751e8b465ee728b)
Start importing Assets/Shader/Transparent/AlphaTestShader.shader using Guid(f5567d8644c21104fb1149c88e6e28b1) Importer(815301076,1909f56bfc062723c751e8b465ee728b) [PhysX] Initialized MultithreadedTaskDispatcher with 8 workers.
 -> (artifact id: '87ee28b88bbcf07ef1a3b234a6671089') in 0.002684 seconds
Number of updated asset objects reloaded before import = 0
Number of asset objects unloaded after import = 1
========================================================================
Received Import Request.
  Time since last request: 5.963844 seconds.
  path: Assets/Shader/Transparent/AlphaTestShader.shader
  artifactKey: Guid(f5567d8644c21104fb1149c88e6e28b1) Importer(815301076,1909f56bfc062723c751e8b465ee728b)
Start importing Assets/Shader/Transparent/AlphaTestShader.shader using Guid(f5567d8644c21104fb1149c88e6e28b1) Importer(815301076,1909f56bfc062723c751e8b465ee728b) [PhysX] Initialized MultithreadedTaskDispatcher with 8 workers.
 -> (artifact id: '75b2ec6d9d9d71a171b7e28f302ff31d') in 0.001326 seconds
Number of updated asset objects reloaded before import = 0
Number of asset objects unloaded after import = 1
========================================================================
Received Import Request.
  Time since last request: 11.741957 seconds.
  path: Assets/Material/Transparent/AlphaTestMaterial.mat
  artifactKey: Guid(c9ba879f503c10143a168365d8c680c4) Importer(815301076,1909f56bfc062723c751e8b465ee728b)
Start importing Assets/Material/Transparent/AlphaTestMaterial.mat using Guid(c9ba879f503c10143a168365d8c680c4) Importer(815301076,1909f56bfc062723c751e8b465ee728b) [PhysX] Initialized MultithreadedTaskDispatcher with 8 workers.
[PhysX] Initialized MultithreadedTaskDispatcher with 8 workers.
 -> (artifact id: '2cd5365f634848b3df3e3ebff74ab769') in 0.081214 seconds
Number of updated asset objects reloaded before import = 0
Number of asset objects unloaded after import = 3
========================================================================
Received Import Request.
  Time since last request: 3284.473897 seconds.
  path: Assets/Shader/Transparent/AlphaBlendShader.shader
  artifactKey: Guid(dbb4ce5dc0d9e584bb6ef095abc63629) Importer(815301076,1909f56bfc062723c751e8b465ee728b)
Start importing Assets/Shader/Transparent/AlphaBlendShader.shader using Guid(dbb4ce5dc0d9e584bb6ef095abc63629) Importer(815301076,1909f56bfc062723c751e8b465ee728b) [PhysX] Initialized MultithreadedTaskDispatcher with 8 workers.
 -> (artifact id: '3fe228d58630790e42cc7878b1f7cdd3') in 0.003810 seconds
Number of updated asset objects reloaded before import = 0
Number of asset objects unloaded after import = 1
========================================================================
Received Import Request.
  Time since last request: 8.544846 seconds.
  path: Assets/Material/Transparent/AlphaBlendMaterial.mat
  artifactKey: Guid(fe6f27016489f0648b98d4d7fdbe136f) Importer(815301076,1909f56bfc062723c751e8b465ee728b)
Start importing Assets/Material/Transparent/AlphaBlendMaterial.mat using Guid(fe6f27016489f0648b98d4d7fdbe136f) Importer(815301076,1909f56bfc062723c751e8b465ee728b) [PhysX] Initialized MultithreadedTaskDispatcher with 8 workers.
[PhysX] Initialized MultithreadedTaskDispatcher with 8 workers.
 -> (artifact id: '0f661de3ed0fd5cd167d61475144e37b') in 0.011498 seconds
Number of updated asset objects reloaded before import = 0
Number of asset objects unloaded after import = 1
========================================================================
Received Import Request.
  Time since last request: 991.344563 seconds.
  path: Assets/Shader/Transparent/AlphaBlendShader.shader
  artifactKey: Guid(dbb4ce5dc0d9e584bb6ef095abc63629) Importer(815301076,1909f56bfc062723c751e8b465ee728b)
Start importing Assets/Shader/Transparent/AlphaBlendShader.shader using Guid(dbb4ce5dc0d9e584bb6ef095abc63629) Importer(815301076,1909f56bfc062723c751e8b465ee728b) [PhysX] Initialized MultithreadedTaskDispatcher with 8 workers.
 -> (artifact id: '1660fd8aa02c026161f9ad51032d5b6e') in 0.002559 seconds
Number of updated asset objects reloaded before import = 0
Number of asset objects unloaded after import = 1
========================================================================
Received Import Request.
  Time since last request: 23.117050 seconds.
  path: Assets/Shader/Transparent/AlphaBlendShader.shader
  artifactKey: Guid(dbb4ce5dc0d9e584bb6ef095abc63629) Importer(815301076,1909f56bfc062723c751e8b465ee728b)
Start importing Assets/Shader/Transparent/AlphaBlendShader.shader using Guid(dbb4ce5dc0d9e584bb6ef095abc63629) Importer(815301076,1909f56bfc062723c751e8b465ee728b) [PhysX] Initialized MultithreadedTaskDispatcher with 8 workers.
 -> (artifact id: '404d460ebfa4d83a9d54121201ebbe69') in 0.002533 seconds
Number of updated asset objects reloaded before import = 0
Number of asset objects unloaded after import = 1
========================================================================
Received Import Request.
  Time since last request: 953.080327 seconds.
  path: Assets/Material/Transparent/AlphaBlendMaterial.mat
  artifactKey: Guid(fe6f27016489f0648b98d4d7fdbe136f) Importer(815301076,1909f56bfc062723c751e8b465ee728b)
Start importing Assets/Material/Transparent/AlphaBlendMaterial.mat using Guid(fe6f27016489f0648b98d4d7fdbe136f) Importer(815301076,1909f56bfc062723c751e8b465ee728b) [PhysX] Initialized MultithreadedTaskDispatcher with 8 workers.
[PhysX] Initialized MultithreadedTaskDispatcher with 8 workers.
 -> (artifact id: 'eafa5d50aeb8c007bf228ccd2887fffb') in 0.050927 seconds
Number of updated asset objects reloaded before import = 0
Number of asset objects unloaded after import = 3
